<?xml version="1.0" encoding="UTF-8"?>
<coverage generated="1596183486731" clover="3.2.0">
  <project timestamp="1596183486731" name="All files">
    <metrics statements="9" coveredstatements="5" conditionals="0" coveredconditionals="0" methods="4" coveredmethods="2" elements="13" coveredelements="7" complexity="0" loc="9" ncloc="9" packages="2" files="3" classes="3"/>
    <package name="src">
      <metrics statements="1" coveredstatements="1" conditionals="0" coveredconditionals="0" methods="1" coveredmethods="1"/>
      <file name="App.js" path="/Users/simiyub/Development/code/react/projects/performance-tracker/src/App.js">
        <metrics statements="1" coveredstatements="1" conditionals="0" coveredconditionals="0" methods="1" coveredmethods="1"/>
        <line num="7" count="2" type="stmt"/>
      </file>
    </package>
    <package name="src.components">
      <metrics statements="8" coveredstatements="4" conditionals="0" coveredconditionals="0" methods="3" coveredmethods="1"/>
      <file name="objective.js" path="/Users/simiyub/Development/code/react/projects/performance-tracker/src/components/objective.js">
        <metrics statements="3" coveredstatements="0" conditionals="0" coveredconditionals="0" methods="1" coveredmethods="0"/>
        <line num="4" count="0" type="stmt"/>
        <line num="10" count="0" type="stmt"/>
        <line num="12" count="0" type="stmt"/>
      </file>
      <file name="useObjectiveState.js" path="/Users/simiyub/Development/code/react/projects/performance-tracker/src/components/useObjectiveState.js">
        <metrics statements="5" coveredstatements="4" conditionals="0" coveredconditionals="0" methods="2" coveredmethods="1"/>
        <line num="3" count="3" type="stmt"/>
        <line num="4" count="19" type="stmt"/>
        <line num="6" count="19" type="stmt"/>
        <line num="7" count="0" type="stmt"/>
        <line num="10" count="19" type="stmt"/>
      </file>
    </package>
  </project>
</coverage>
