{"/Users/simiyub/Development/code/react/projects/performance-tracker/src/App.js": {"path":"/Users/simiyub/Development/code/react/projects/performance-tracker/src/App.js","statementMap":{"0":{"start":{"line":7,"column":2},"end":{"line":9,"column":4}}},"fnMap":{"0":{"name":"App","decl":{"start":{"line":6,"column":9},"end":{"line":6,"column":12}},"loc":{"start":{"line":6,"column":15},"end":{"line":10,"column":1}},"line":6}},"branchMap":{},"s":{"0":2},"f":{"0":2},"b":{},"_coverageSchema":"43e27e138ebf9cfc5966b082cf9a028302ed4184","hash":"2003ba6ad195eb928b3fd86a7aa1d5ee4e8a1541"}
,"/Users/simiyub/Development/code/react/projects/performance-tracker/src/components/objective.js": {"path":"/Users/simiyub/Development/code/react/projects/performance-tracker/src/components/objective.js","statementMap":{"0":{"start":{"line":4,"column":17},"end":{"line":49,"column":1}},"1":{"start":{"line":10,"column":8},"end":{"line":10,"column":27}},"2":{"start":{"line":12,"column":4},"end":{"line":48,"column":5}}},"fnMap":{"0":{"name":"(anonymous_0)","decl":{"start":{"line":4,"column":17},"end":{"line":4,"column":18}},"loc":{"start":{"line":4,"column":26},"end":{"line":49,"column":1}},"line":4}},"branchMap":{},"s":{"0":0,"1":0,"2":0},"f":{"0":0},"b":{},"hash":"8298b8a19ac7541fd425c5484c1aabc705639b1a"}
,"/Users/simiyub/Development/code/react/projects/performance-tracker/src/components/useObjectiveState.js": {"path":"/Users/simiyub/Development/code/react/projects/performance-tracker/src/components/useObjectiveState.js","statementMap":{"0":{"start":{"line":3,"column":24},"end":{"line":17,"column":1}},"1":{"start":{"line":4,"column":31},"end":{"line":4,"column":57}},"2":{"start":{"line":6,"column":29},"end":{"line":8,"column":5}},"3":{"start":{"line":7,"column":8},"end":{"line":7,"column":52}},"4":{"start":{"line":10,"column":4},"end":{"line":13,"column":5}}},"fnMap":{"0":{"name":"(anonymous_0)","decl":{"start":{"line":3,"column":24},"end":{"line":3,"column":25}},"loc":{"start":{"line":3,"column":28},"end":{"line":17,"column":1}},"line":3},"1":{"name":"(anonymous_1)","decl":{"start":{"line":6,"column":29},"end":{"line":6,"column":30}},"loc":{"start":{"line":6,"column":34},"end":{"line":8,"column":5}},"line":6}},"branchMap":{},"s":{"0":3,"1":19,"2":19,"3":0,"4":19},"f":{"0":19,"1":0},"b":{},"_coverageSchema":"43e27e138ebf9cfc5966b082cf9a028302ed4184","hash":"a1620f676280d73e062c6795ec2ff65b34fb112b"}
}
