TN:
SF:/Users/simiyub/Development/code/react/projects/performance-tracker/src/App.js
FN:6,App
FNF:1
FNH:1
FNDA:2,App
DA:7,2
LF:1
LH:1
BRF:0
BRH:0
end_of_record
TN:
SF:/Users/simiyub/Development/code/react/projects/performance-tracker/src/components/objective.js
FN:4,(anonymous_0)
FNF:1
FNH:0
FNDA:0,(anonymous_0)
DA:4,0
DA:10,0
DA:12,0
LF:3
LH:0
BRF:0
BRH:0
end_of_record
TN:
SF:/Users/simiyub/Development/code/react/projects/performance-tracker/src/components/useObjectiveState.js
FN:3,(anonymous_0)
FN:6,(anonymous_1)
FNF:2
FNH:1
FNDA:19,(anonymous_0)
FNDA:0,(anonymous_1)
DA:3,3
DA:4,19
DA:6,19
DA:7,0
DA:10,19
LF:5
LH:4
BRF:0
BRH:0
end_of_record
